<?xml version="1.0" encoding="UTF-8"?>
<!-- Generated by org.testng.reporters.JUnitReportReporter -->
<testsuite hostname="LAPTOP-C2G5F0C2" name="Amazon.HomePageOrderLoginWrong" tests="2" failures="0" timestamp="25 Sep 2019 05:17:57 GMT" time="17.606" errors="0">
  <testcase name="basePageNavigation" time="8.446" classname="Amazon.HomePageOrderLoginWrong"/>
  <testcase name="basePageNavigation" time="9.160" classname="Amazon.HomePageOrderLoginWrong"/>
</testsuite> <!-- Amazon.HomePageOrderLoginWrong -->
