<?xml version="1.0" encoding="UTF-8"?>
<!-- Generated by org.testng.reporters.JUnitReportReporter -->
<testsuite hostname="LAPTOP-C2G5F0C2" name="Amazon.NevigationTest" tests="1" failures="0" timestamp="26 Sep 2019 23:52:09 GMT" time="0.198" errors="0">
  <testcase name="basePageNavigation" time="0.198" classname="Amazon.NevigationTest"/>
</testsuite> <!-- Amazon.NevigationTest -->
