<?xml version="1.0" encoding="UTF-8"?>
<!-- Generated by org.testng.reporters.JUnitReportReporter -->
<testsuite hostname="LAPTOP-C2G5F0C2" name="Amazon.OrderLoginTestWithWorngEmail" tests="2" failures="0" timestamp="25 Sep 2019 21:38:27 GMT" time="8.309" errors="0">
  <testcase name="orerPageWrongLogin" time="6.014" classname="Amazon.OrderLoginTestWithWorngEmail"/>
  <testcase name="orerPageWrongLogin" time="2.295" classname="Amazon.OrderLoginTestWithWorngEmail"/>
</testsuite> <!-- Amazon.OrderLoginTestWithWorngEmail -->
