<?xml version="1.0" encoding="UTF-8"?>
<!-- Generated by org.testng.reporters.JUnitReportReporter -->
<testsuite hostname="LAPTOP-C2G5F0C2" name="Amazon.OrderLoginTestWithWorngEmail" tests="2" failures="0" timestamp="27 Sep 2019 02:35:37 GMT" time="7.290" errors="0">
  <testcase name="orerPageWrongLogin" time="3.578" classname="Amazon.OrderLoginTestWithWorngEmail"/>
  <testcase name="orerPageWrongLogin" time="3.712" classname="Amazon.OrderLoginTestWithWorngEmail"/>
</testsuite> <!-- Amazon.OrderLoginTestWithWorngEmail -->
